<?xml version="1.0" encoding="UTF-8"?>
<!-- Generated by org.testng.reporters.JUnitXMLReporter -->
<testsuite ignored="0" hostname="LE15-AHA5-1IND" failures="1" tests="6" name="Test2" time="0.127" errors="0" timestamp="2023-11-15T11:51:09 IST">
  <testcase classname="test.day6" name="parameterization" time="0.0">
    <failure type="org.testng.TestNGException" message="
Parameter &amp;apos;UserName&amp;apos; is required by @Test on method parameterization but has not been marked @Optional or defined
in C:\Users\aha5\git\AssignmentsOnTestNG\AssignmentsOnTestNG\TestNGXMLExecutionFiles\13ParallelExecution.xml">
      <![CDATA[org.testng.TestNGException: 
Parameter 'UserName' is required by @Test on method parameterization but has not been marked @Optional or defined
in C:\Users\aha5\git\AssignmentsOnTestNG\AssignmentsOnTestNG\TestNGXMLExecutionFiles\13ParallelExecution.xml
at java.base/java.util.ArrayList.forEach(ArrayList.java:1511)
at java.base/java.util.concurrent.FutureTask.run(FutureTask.java:317)
at java.base/java.util.concurrent.ThreadPoolExecutor.runWorker(ThreadPoolExecutor.java:1144)
at java.base/java.util.concurrent.ThreadPoolExecutor$Worker.run(ThreadPoolExecutor.java:642)
at java.base/java.lang.Thread.run(Thread.java:1589)
... Removed 16 stack frames]]>
    </failure>
  </testcase> <!-- parameterization -->
  <testcase classname="test.day5" name="APIloginCarLoan" time="0.004"/>
  <testcase classname="test.day5" name="MobileSigninCarLoan" time="0.002"/>
  <testcase classname="test.day5" name="MobileSignoutCarLoan" time="0.002"/>
  <testcase classname="test.day5" name="MobileloginCarLoan" time="0.002"/>
  <testcase classname="test.day5" name="WebloginCarLoan" time="0.002"/>
</testsuite> <!-- Test2 -->
